[0.327s] Invoking command in '/home/raz/tehiru/Tehiru-Homework-assignment/drone_ws/src/liftoff_telemetry': AMENT_PREFIX_PATH=/home/raz/tehiru/Tehiru-Homework-assignment/drone_ws/install/liftoff_telemetry:${AMENT_PREFIX_PATH} PYTEST_ADDOPTS=--tb=short --junit-xml=/home/raz/tehiru/Tehiru-Homework-assignment/drone_ws/build/liftoff_telemetry/pytest.xml --junit-prefix=liftoff_telemetry -o cache_dir=/home/raz/tehiru/Tehiru-Homework-assignment/drone_ws/build/liftoff_telemetry/.pytest_cache PYTHONDONTWRITEBYTECODE=1 PYTHONPATH=/home/raz/tehiru/Tehiru-Homework-assignment/drone_ws/build/liftoff_telemetry:/home/raz/tehiru/Tehiru-Homework-assignment/drone_ws/install/liftoff_telemetry/lib/python3.10/site-packages:${PYTHONPATH} /usr/bin/python3 -m pytest
[0.592s] [1m============================= test session starts ==============================[0m
[0.592s] platform linux -- Python 3.10.12, pytest-6.2.5, py-1.10.0, pluggy-0.13.0
[0.594s] cachedir: /home/raz/tehiru/Tehiru-Homework-assignment/drone_ws/build/liftoff_telemetry/.pytest_cache
[0.594s] rootdir: /home/raz/tehiru/Tehiru-Homework-assignment/drone_ws/src/liftoff_telemetry
[0.594s] plugins: launch-testing-1.0.8, ament-xmllint-0.12.12, ament-lint-0.12.12, ament-pep257-0.12.12, ament-flake8-0.12.12, ament-copyright-0.12.12, launch-testing-ros-0.19.9, cov-3.0.0, colcon-core-0.19.0, repeat-0.9.1, rerunfailures-10.2
[0.635s] [1mcollecting ... [0m[1m
[0.635s] collected 3 items                                                              [0m
[0.635s] 
[0.639s] test/test_copyright.py [33ms[0m[32m                                                 [ 33%][0m
[0.758s] test/test_flake8.py [31mF[0m[31m                                                    [ 66%][0m
[0.772s] test/test_pep257.py [32m.[0m[31m                                                    [100%][0m
[0.772s] 
[0.772s] =================================== FAILURES ===================================
[0.773s] [31m[1m_________________________________ test_flake8 __________________________________[0m
[0.773s] [1m[31mtest/test_flake8.py[0m:23: in test_flake8
[0.796s]     [94massert[39;49;00m rc == [94m0[39;49;00m, \
[0.796s] [1m[31mE   AssertionError: Found 28 code style errors / warnings:[0m
[0.796s] [1m[31mE     ./liftoff_telemetry/liftoff_telemetry_node.py:3:1: I100 Import statements are in the wrong order. 'import socket' should be before 'from rclpy.node import Node' and in a different group.[0m
[0.796s] [1m[31mE     ./liftoff_telemetry/liftoff_telemetry_node.py:3:1: I201 Missing newline between import groups. 'import socket' is identified as Stdlib and 'from rclpy.node import Node' is identified as Third Party.[0m
[0.796s] [1m[31mE     ./liftoff_telemetry/liftoff_telemetry_node.py:5:1: I201 Missing newline between import groups. 'from std_msgs.msg import Float32, Float32MultiArray' is identified as Third Party and 'import struct' is identified as Stdlib.[0m
[0.796s] [1m[31mE     ./liftoff_telemetry/liftoff_telemetry_node.py:7:1: E302 expected 2 blank lines, found 1[0m
[0.796s] [1m[31mE     ./liftoff_telemetry/liftoff_telemetry_node.py:8:1: CNL100 Class definition does not have a new line.[0m
[0.797s] [1m[31mE     ./liftoff_telemetry/liftoff_telemetry_node.py:21:32: Q000 Double quotes found but single quotes preferred[0m
[0.797s] [1m[31mE     ./liftoff_telemetry/liftoff_telemetry_node.py:31:100: E501 line too long (104 > 99 characters)[0m
[0.797s] [1m[31mE     ./liftoff_telemetry/liftoff_telemetry_node.py:40:37: Q000 Double quotes found but single quotes preferred[0m
[0.797s] [1m[31mE     ./liftoff_telemetry/liftoff_telemetry_node.py:41:37: Q000 Double quotes found but single quotes preferred[0m
[0.797s] [1m[31mE     ./liftoff_telemetry/liftoff_telemetry_node.py:42:37: Q000 Double quotes found but single quotes preferred[0m
[0.797s] [1m[31mE     ./liftoff_telemetry/liftoff_telemetry_node.py:47:41: Q000 Double quotes found but single quotes preferred[0m
[0.797s] [1m[31mE     ./liftoff_telemetry/liftoff_telemetry_node.py:47:100: E501 line too long (104 > 99 characters)[0m
[0.797s] [1m[31mE     ./liftoff_telemetry/liftoff_telemetry_node.py:48:41: Q000 Double quotes found but single quotes preferred[0m
[0.797s] [1m[31mE     ./liftoff_telemetry/liftoff_telemetry_node.py:52:100: E501 line too long (100 > 99 characters)[0m
[0.797s] [1m[31mE     ./liftoff_telemetry/liftoff_telemetry_node.py:53:37: Q000 Double quotes found but single quotes preferred[0m
[0.797s] [1m[31mE     ./liftoff_telemetry/liftoff_telemetry_node.py:59:37: Q000 Double quotes found but single quotes preferred[0m
[0.797s] [1m[31mE     ./liftoff_telemetry/liftoff_telemetry_node.py:65:37: Q000 Double quotes found but single quotes preferred[0m
[0.797s] [1m[31mE     ./liftoff_telemetry/liftoff_telemetry_node.py:71:37: Q000 Double quotes found but single quotes preferred[0m
[0.797s] [1m[31mE     ./liftoff_telemetry/liftoff_telemetry_node.py:77:37: Q000 Double quotes found but single quotes preferred[0m
[0.797s] [1m[31mE     ./liftoff_telemetry/liftoff_telemetry_node.py:83:37: Q000 Double quotes found but single quotes preferred[0m
[0.797s] [1m[31mE     ./liftoff_telemetry/liftoff_telemetry_node.py:89:37: Q000 Double quotes found but single quotes preferred[0m
[0.797s] [1m[31mE     ./liftoff_telemetry/liftoff_telemetry_node.py:95:37: Q000 Double quotes found but single quotes preferred[0m
[0.797s] [1m[31mE     ./liftoff_telemetry/liftoff_telemetry_node.py:101:37: Q000 Double quotes found but single quotes preferred[0m
[0.797s] [1m[31mE     ./liftoff_telemetry/liftoff_telemetry_node.py:108:37: Q000 Double quotes found but single quotes preferred[0m
[0.797s] [1m[31mE     ./liftoff_telemetry/liftoff_telemetry_node.py:111:37: Q000 Double quotes found but single quotes preferred[0m
[0.797s] [1m[31mE     ./liftoff_telemetry/liftoff_telemetry_node.py:113:1: E302 expected 2 blank lines, found 1[0m
[0.797s] [1m[31mE     ./liftoff_telemetry/liftoff_telemetry_node.py:120:1: E305 expected 2 blank lines after class or function definition, found 1[0m
[0.797s] [1m[31mE     ./liftoff_telemetry/liftoff_telemetry_node.py:121:11: W292 no newline at end of file[0m
[0.797s] [1m[31mE   assert 1 == 0[0m
[0.797s] ----------------------------- Captured stdout call -----------------------------
[0.797s] 
[0.797s] ./liftoff_telemetry/liftoff_telemetry_node.py:3:1: I100 Import statements are in the wrong order. 'import socket' should be before 'from rclpy.node import Node' and in a different group.
[0.797s] import socket
[0.797s] ^
[0.797s] 
[0.797s] ./liftoff_telemetry/liftoff_telemetry_node.py:3:1: I201 Missing newline between import groups. 'import socket' is identified as Stdlib and 'from rclpy.node import Node' is identified as Third Party.
[0.797s] import socket
[0.797s] ^
[0.797s] 
[0.797s] ./liftoff_telemetry/liftoff_telemetry_node.py:5:1: I201 Missing newline between import groups. 'from std_msgs.msg import Float32, Float32MultiArray' is identified as Third Party and 'import struct' is identified as Stdlib.
[0.797s] from std_msgs.msg import Float32, Float32MultiArray
[0.797s] ^
[0.798s] 
[0.798s] ./liftoff_telemetry/liftoff_telemetry_node.py:7:1: E302 expected 2 blank lines, found 1
[0.798s] class LiftoffTelemetryNode(Node):
[0.798s] ^
[0.798s] 
[0.798s] ./liftoff_telemetry/liftoff_telemetry_node.py:8:1: CNL100 Class definition does not have a new line.
[0.798s]     def __init__(self):
[0.798s] ^
[0.798s] 
[0.798s] ./liftoff_telemetry/liftoff_telemetry_node.py:21:32: Q000 Double quotes found but single quotes preferred
[0.798s]         self.get_logger().info(f"Listening for telemetry data on {self.udp_ip}:{self.udp_port}")
[0.798s]                                ^
[0.798s] 
[0.798s] ./liftoff_telemetry/liftoff_telemetry_node.py:31:100: E501 line too long (104 > 99 characters)
[0.798s]         self.battery_percentage_pub = self.create_publisher(Float32, 'telemetry/battery_percentage', 10)
[0.798s]                                                                                                    ^
[0.798s] 
[0.798s] ./liftoff_telemetry/liftoff_telemetry_node.py:40:37: Q000 Double quotes found but single quotes preferred
[0.798s]             self.get_logger().debug(f"Raw data received: {data}")
[0.798s]                                     ^
[0.798s] 
[0.798s] ./liftoff_telemetry/liftoff_telemetry_node.py:41:37: Q000 Double quotes found but single quotes preferred
[0.798s]             self.get_logger().debug(f"Raw data (hex): {data.hex()}")
[0.798s]                                     ^
[0.798s] 
[0.798s] ./liftoff_telemetry/liftoff_telemetry_node.py:42:37: Q000 Double quotes found but single quotes preferred
[0.798s]             self.get_logger().debug(f"Received data size: {len(data)} bytes")
[0.798s]                                     ^
[0.798s] 
[0.798s] ./liftoff_telemetry/liftoff_telemetry_node.py:47:41: Q000 Double quotes found but single quotes preferred
[0.798s]                 self.get_logger().error(f"Unexpected data size: {len(data)} (expected {expected_size})")
[0.798s]                                         ^
[0.798s] 
[0.798s] ./liftoff_telemetry/liftoff_telemetry_node.py:47:100: E501 line too long (104 > 99 characters)
[0.798s]                 self.get_logger().error(f"Unexpected data size: {len(data)} (expected {expected_size})")
[0.798s]                                                                                                    ^
[0.798s] 
[0.799s] ./liftoff_telemetry/liftoff_telemetry_node.py:48:41: Q000 Double quotes found but single quotes preferred
[0.799s]                 self.get_logger().debug(f"Raw data (hex): {data.hex()}")
[0.799s]                                         ^
[0.799s] 
[0.799s] ./liftoff_telemetry/liftoff_telemetry_node.py:52:100: E501 line too long (100 > 99 characters)
[0.799s]             unpacked_data = struct.unpack('=f3f4f3f3f4f2fB4f', data)  # Added '=' to disable padding
[0.799s]                                                                                                    ^
[0.799s] 
[0.799s] ./liftoff_telemetry/liftoff_telemetry_node.py:53:37: Q000 Double quotes found but single quotes preferred
[0.799s]             self.get_logger().debug(f"Unpacked data: {unpacked_data}")
[0.799s]                                     ^
[0.799s] 
[0.799s] ./liftoff_telemetry/liftoff_telemetry_node.py:59:37: Q000 Double quotes found but single quotes preferred
[0.799s]             self.get_logger().debug(f"Published timestamp: {timestamp_msg.data}")
[0.799s]                                     ^
[0.799s] 
[0.799s] ./liftoff_telemetry/liftoff_telemetry_node.py:65:37: Q000 Double quotes found but single quotes preferred
[0.799s]             self.get_logger().debug(f"Published position: {position_msg.data}")
[0.799s]                                     ^
[0.799s] 
[0.799s] ./liftoff_telemetry/liftoff_telemetry_node.py:71:37: Q000 Double quotes found but single quotes preferred
[0.799s]             self.get_logger().debug(f"Published attitude: {attitude_msg.data}")
[0.799s]                                     ^
[0.799s] 
[0.799s] ./liftoff_telemetry/liftoff_telemetry_node.py:77:37: Q000 Double quotes found but single quotes preferred
[0.799s]             self.get_logger().debug(f"Published velocity: {velocity_msg.data}")
[0.799s]                                     ^
[0.799s] 
[0.799s] ./liftoff_telemetry/liftoff_telemetry_node.py:83:37: Q000 Double quotes found but single quotes preferred
[0.799s]             self.get_logger().debug(f"Published gyro: {gyro_msg.data}")
[0.799s]                                     ^
[0.799s] 
[0.799s] ./liftoff_telemetry/liftoff_telemetry_node.py:89:37: Q000 Double quotes found but single quotes preferred
[0.799s]             self.get_logger().debug(f"Published input: {input_msg.data}")
[0.799s]                                     ^
[0.799s] 
[0.799s] ./liftoff_telemetry/liftoff_telemetry_node.py:95:37: Q000 Double quotes found but single quotes preferred
[0.799s]             self.get_logger().debug(f"Published battery voltage: {battery_voltage_msg.data}")
[0.800s]                                     ^
[0.800s] 
[0.800s] ./liftoff_telemetry/liftoff_telemetry_node.py:101:37: Q000 Double quotes found but single quotes preferred
[0.800s]             self.get_logger().debug(f"Published battery percentage: {battery_percentage_msg.data}")
[0.800s]                                     ^
[0.800s] 
[0.800s] ./liftoff_telemetry/liftoff_telemetry_node.py:108:37: Q000 Double quotes found but single quotes preferred
[0.800s]             self.get_logger().debug(f"Published motor RPM: {motor_rpm_msg.data}")
[0.800s]                                     ^
[0.800s] 
[0.800s] ./liftoff_telemetry/liftoff_telemetry_node.py:111:37: Q000 Double quotes found but single quotes preferred
[0.800s]             self.get_logger().error(f"Error receiving data: {e}")
[0.800s]                                     ^
[0.800s] 
[0.800s] ./liftoff_telemetry/liftoff_telemetry_node.py:113:1: E302 expected 2 blank lines, found 1
[0.800s] def main(args=None):
[0.800s] ^
[0.800s] 
[0.800s] ./liftoff_telemetry/liftoff_telemetry_node.py:120:1: E305 expected 2 blank lines after class or function definition, found 1
[0.800s] if __name__ == '__main__':
[0.800s] ^
[0.800s] 
[0.800s] ./liftoff_telemetry/liftoff_telemetry_node.py:121:11: W292 no newline at end of file
[0.800s]     main()          ^
[0.800s] 
[0.800s] 1     CNL100 Class definition does not have a new line.
[0.800s] 2     E302 expected 2 blank lines, found 1
[0.800s] 1     E305 expected 2 blank lines after class or function definition, found 1
[0.800s] 3     E501 line too long (104 > 99 characters)
[0.800s] 1     I100 Import statements are in the wrong order. 'import socket' should be before 'from rclpy.node import Node' and in a different group.
[0.800s] 2     I201 Missing newline between import groups. 'import socket' is identified as Stdlib and 'from rclpy.node import Node' is identified as Third Party.
[0.800s] 17    Q000 Double quotes found but single quotes preferred
[0.800s] 1     W292 no newline at end of file
[0.800s] 
[0.800s] 6 files checked
[0.800s] 28 errors
[0.800s] 
[0.800s] 'C'-type errors: 1
[0.800s] 'E'-type errors: 6
[0.801s] 'I'-type errors: 3
[0.801s] 'Q'-type errors: 17
[0.801s] 'W'-type errors: 1
[0.801s] 
[0.801s] Checked files:
[0.801s] 
[0.801s] * ./setup.py
[0.801s] * ./test/test_flake8.py
[0.801s] * ./test/test_pep257.py
[0.801s] * ./test/test_copyright.py
[0.801s] * ./liftoff_telemetry/__init__.py
[0.801s] * ./liftoff_telemetry/liftoff_telemetry_node.py
[0.801s] ----------------------------- Captured stderr call -----------------------------
[0.801s] option --max-complexity: please update from optparse string `type=` to argparse callable `type=` -- this will be an error in the future
[0.801s] option --application-import-names: please update from optparse string `type=` to argparse callable `type=` -- this will be an error in the future
[0.801s] option --application-package-names: please update from optparse string `type=` to argparse callable `type=` -- this will be an error in the future
[0.801s] option --import-order-style: please update from optparse string `type=` to argparse callable `type=` -- this will be an error in the future
[0.801s] option --quotes: please update from optparse string `type=` to argparse callable `type=` -- this will be an error in the future
[0.801s] option --inline-quotes: please update from optparse string `type=` to argparse callable `type=` -- this will be an error in the future
[0.801s] option --multiline-quotes: please update from optparse string `type=` to argparse callable `type=` -- this will be an error in the future
[0.801s] option --docstring-quotes: please update from optparse string `type=` to argparse callable `type=` -- this will be an error in the future
[0.801s] - generated xml file: /home/raz/tehiru/Tehiru-Homework-assignment/drone_ws/build/liftoff_telemetry/pytest.xml -
[0.801s] =========================== short test summary info ============================
[0.801s] FAILED test/test_flake8.py::test_flake8 - AssertionError: Found 28 code style...
[0.801s] [31m============== [31m[1m1 failed[0m, [32m1 passed[0m, [33m1 skipped[0m, [33m2 warnings[0m[31m in 0.20s[0m[31m ==============[0m
[0.801s] [33m=============================== warnings summary ===============================[0m
[0.801s] test/test_flake8.py::test_flake8
[0.801s] test/test_flake8.py::test_flake8
[0.801s]   Warning: SelectableGroups dict interface is deprecated. Use select.
[0.801s] 
[0.801s] -- Docs: https://docs.pytest.org/en/stable/warnings.html
[0.843s] Invoked command in '/home/raz/tehiru/Tehiru-Homework-assignment/drone_ws/src/liftoff_telemetry' returned '1': AMENT_PREFIX_PATH=/home/raz/tehiru/Tehiru-Homework-assignment/drone_ws/install/liftoff_telemetry:${AMENT_PREFIX_PATH} PYTEST_ADDOPTS=--tb=short --junit-xml=/home/raz/tehiru/Tehiru-Homework-assignment/drone_ws/build/liftoff_telemetry/pytest.xml --junit-prefix=liftoff_telemetry -o cache_dir=/home/raz/tehiru/Tehiru-Homework-assignment/drone_ws/build/liftoff_telemetry/.pytest_cache PYTHONDONTWRITEBYTECODE=1 PYTHONPATH=/home/raz/tehiru/Tehiru-Homework-assignment/drone_ws/build/liftoff_telemetry:/home/raz/tehiru/Tehiru-Homework-assignment/drone_ws/install/liftoff_telemetry/lib/python3.10/site-packages:${PYTHONPATH} /usr/bin/python3 -m pytest
