[0.007s] Invoking command in '/home/raz/tehiru/Tehiru-Homework-assignment/drone_ws/build/virtual_ps_controller': CMAKE_PREFIX_PATH=/opt/ros/humble /usr/bin/cmake --build /home/raz/tehiru/Tehiru-Homework-assignment/drone_ws/build/virtual_ps_controller -- -j24 -l24
[0.027s] -- Found ament_cmake: 1.3.11 (/opt/ros/humble/share/ament_cmake/cmake)
[0.127s] -- Found rclcpp: 16.0.12 (/opt/ros/humble/share/rclcpp/cmake)
[0.146s] -- Found rosidl_generator_c: 3.1.6 (/opt/ros/humble/share/rosidl_generator_c/cmake)
[0.147s] -- Found rosidl_adapter: 3.1.6 (/opt/ros/humble/share/rosidl_adapter/cmake)
[0.151s] -- Found rosidl_generator_cpp: 3.1.6 (/opt/ros/humble/share/rosidl_generator_cpp/cmake)
[0.157s] -- Using all available rosidl_typesupport_c: rosidl_typesupport_fastrtps_c;rosidl_typesupport_introspection_c
[0.165s] -- Using all available rosidl_typesupport_cpp: rosidl_typesupport_fastrtps_cpp;rosidl_typesupport_introspection_cpp
[0.185s] -- Found rmw_implementation_cmake: 6.1.2 (/opt/ros/humble/share/rmw_implementation_cmake/cmake)
[0.186s] -- Found rmw_fastrtps_cpp: 6.2.7 (/opt/ros/humble/share/rmw_fastrtps_cpp/cmake)
[0.261s] -- Using RMW implementation 'rmw_fastrtps_cpp' as default
[0.293s] -- Found sensor_msgs: 4.8.0 (/opt/ros/humble/share/sensor_msgs/cmake)
[0.311s] -- Found rosidl_default_generators: 1.2.0 (/opt/ros/humble/share/rosidl_default_generators/cmake)
[0.432s] [31mCMake Error at /opt/ros/humble/share/rosidl_adapter/cmake/rosidl_adapt_interfaces.cmake:59 (message):
[0.432s]   execute_process(/usr/bin/python3 -m rosidl_adapter --package-name
[0.432s]   virtual_ps_controller --arguments-file
[0.432s]   /home/raz/tehiru/Tehiru-Homework-assignment/drone_ws/build/virtual_ps_controller/rosidl_adapter__arguments__virtual_ps_controller.json
[0.432s]   --output-dir
[0.432s]   /home/raz/tehiru/Tehiru-Homework-assignment/drone_ws/build/virtual_ps_controller/rosidl_adapter/virtual_ps_controller
[0.432s]   --output-file
[0.432s]   /home/raz/tehiru/Tehiru-Homework-assignment/drone_ws/build/virtual_ps_controller/rosidl_adapter/virtual_ps_controller.idls)
[0.432s]   returned error code 1:
[0.432s] 
[0.432s]   Error processing 'uint8 buttonId' of 'virtual_ps_controller/ButtonState':
[0.432s]   ''buttonId' is an invalid field name.  It should have the pattern
[0.432s]   '^(?!.*__)(?!.*_$)[a-z][a-z0-9_]*$''
[0.432s] 
[0.433s]   Traceback (most recent call last):
[0.433s] 
[0.433s]     File "/usr/lib/python3.10/runpy.py", line 196, in _run_module_as_main
[0.433s]       return _run_code(code, main_globals, None,
[0.433s]     File "/usr/lib/python3.10/runpy.py", line 86, in _run_code
[0.433s]       exec(code, run_globals)
[0.433s]     File "/opt/ros/humble/local/lib/python3.10/dist-packages/rosidl_adapter/__main__.py", line 19, in <module>
[0.433s]       sys.exit(main())
[0.433s]     File "/opt/ros/humble/local/lib/python3.10/dist-packages/rosidl_adapter/main.py", line 53, in main
[0.433s]       abs_idl_file = convert_to_idl(
[0.433s]     File "/opt/ros/humble/local/lib/python3.10/dist-packages/rosidl_adapter/__init__.py", line 19, in convert_to_idl
[0.433s]       return convert_msg_to_idl(
[0.433s]     File "/opt/ros/humble/local/lib/python3.10/dist-packages/rosidl_adapter/msg/__init__.py", line 28, in convert_msg_to_idl
[0.433s]       msg = parse_message_string(package_name, input_file.stem, content)
[0.433s]     File "/opt/ros/humble/local/lib/python3.10/dist-packages/rosidl_adapter/parser.py", line 519, in parse_message_string
[0.433s]       fields.append(Field(
[0.433s]     File "/opt/ros/humble/local/lib/python3.10/dist-packages/rosidl_adapter/parser.py", line 354, in __init__
[0.433s]       raise NameError(
[0.433s] 
[0.433s]   NameError: 'buttonId' is an invalid field name.  It should have the pattern
[0.433s]   '^(?!.*__)(?!.*_$)[a-z][a-z0-9_]*$'
[0.433s] 
[0.433s] Call Stack (most recent call first):
[0.433s]   /opt/ros/humble/share/rosidl_cmake/cmake/rosidl_generate_interfaces.cmake:130 (rosidl_adapt_interfaces)
[0.433s]   CMakeLists.txt:35 (rosidl_generate_interfaces)
[0.433s] 
[0.433s] [0m
[0.433s] -- Configuring incomplete, errors occurred!
[0.433s] See also "/home/raz/tehiru/Tehiru-Homework-assignment/drone_ws/build/virtual_ps_controller/CMakeFiles/CMakeOutput.log".
[0.437s] gmake: *** [Makefile:226: cmake_check_build_system] Error 1
[0.440s] Invoked command in '/home/raz/tehiru/Tehiru-Homework-assignment/drone_ws/build/virtual_ps_controller' returned '2': CMAKE_PREFIX_PATH=/opt/ros/humble /usr/bin/cmake --build /home/raz/tehiru/Tehiru-Homework-assignment/drone_ws/build/virtual_ps_controller -- -j24 -l24
